#
# A fatal error has been detected by the Java Runtime Environment:
#
#  SIGSEGV (0xb) at pc=0x0000000103648358, pid=1526, tid=18947
#
# JRE version: Java(TM) SE Runtime Environment (8.0_91-b14) (build 1.8.0_91-b14)
# Java VM: Java HotSpot(TM) 64-Bit Server VM (25.91-b14 mixed mode bsd-amd64 compressed oops)
# Problematic frame:
# V  [libjvm.dylib+0x448358]  Method::checked_resolve_jmethod_id(_jmethodID*)+0xe
#
# Failed to write core dump. Core dumps have been disabled. To enable core dumping, try "ulimit -c unlimited" before starting Java again
#
# If you would like to submit a bug report, please visit:
#   http://bugreport.java.com/bugreport/crash.jsp
#

---------------  T H R E A D  ---------------

Current thread (0x00007fdb4600d800):  JavaThread "JDWP Transport Listener: dt_socket" daemon [_thread_in_vm, id=18947, stack(0x000070000b3dc000,0x000070000b4dc000)]

siginfo: si_signo: 11 (SIGSEGV), si_code: 0 (unknown), si_addr: 0x0000000000000000

Registers:
RAX=0x0000000000000001, RBX=0x000070000b4dba8b, RCX=0x0000000103a18340, RDX=0x000070000b4dba8b
RSP=0x000070000b4db9d0, RBP=0x000070000b4db9e0, RSI=0x00007fdb4600d800, RDI=0x6e6f69003b003b72
R8 =0x0000000000000000, R9 =0x00007fdb455a5240, R10=0x0000000000000001, R11=0x0000000000000001
R12=0x00007fdb4600d800, R13=0x6e6f69003b003b72, R14=0x6e6f69003b003b72, R15=0x00007fdb45505b60
RIP=0x0000000103648358, EFLAGS=0x0000000000010206, ERR=0x0000000000000000
  TRAPNO=0x000000000000000d

Top of Stack: (sp=0x000070000b4db9d0)
0x000070000b4db9d0:   000070000b4dba8b 000070000b4dba8b
0x000070000b4db9e0:   000070000b4dba40 0000000103557316
0x000070000b4db9f0:   00007fdb4600d800 0000000000000000
0x000070000b4dba00:   0000000000000000 0000000000000000
0x000070000b4dba10:   00007fdb4600d800 00007fdb4600d800
0x000070000b4dba20:   000070000b4dba8b 000070000b4dba90
0x000070000b4dba30:   6e6f69003b003b72 0000000000000007
0x000070000b4dba40:   000070000b4dba60 00000001020ba780
0x000070000b4dba50:   0000000000000001 000070000b4dbb08
0x000070000b4dba60:   000070000b4dbad0 000000010209f1f3
0x000070000b4dba70:   000070000b4dbaa0 00007fdb455a5200
0x000070000b4dba80:   0000000800000032 f000100a014dbb08
0x000070000b4dba90:   0000000000000000 0000000000000000
0x000070000b4dbaa0:   0000000000000000 000070000b4dbc90
0x000070000b4dbab0:   00000001020c1e7a 00007fdb45537640
0x000070000b4dbac0:   000070000b4dbb08 00000001020cd598
0x000070000b4dbad0:   000070000b4dbae0 000000010209f2ec
0x000070000b4dbae0:   000070000b4dbd00 00000001020a8898
0x000070000b4dbaf0:   00004c8700000013 00000000000f0200
0x000070000b4dbb00:   00007fdb4555c5a0 00007fdb476c026f
0x000070000b4dbb10:   00007fdb000000a9 00007fdb47689e70
0x000070000b4dbb20:   00007fdb0000012c 000070000b4dbb58
0x000070000b4dbb30:   00007fdb47689e70 0000000000000000
0x000070000b4dbb40:   00004c870000001c 00007fdb0000c580
0x000070000b4dbb50:   000070000b4dbb58 db7f000008000000
0x000070000b4dbb60:   06000000b02e2047 00003e74696e693c
0x000070000b4dbb70:   0000005629280300 7f00000100000000
0x000070000b4dbb80:   000000c82e2047db 747375437465670c
0x000070000b4dbb90:   0000007372656d6f 6176616a4c292812
0x000070000b4dbba0:   694c2f6c6974752f 283c0000003b7473
0x000070000b4dbbb0:   752f6176616a4c29 7473694c2f6c6974
0x000070000b4dbbc0:   65642f6d6f634c3c 2f74696262615276 

Instructions: (pc=0x0000000103648358)
0x0000000103648338:   40 48 48 85 c0 75 e0 30 c0 0f b6 c0 5d c3 31 c0
0x0000000103648348:   5d c3 55 48 89 e5 53 48 83 ec 08 48 85 ff 74 24
0x0000000103648358:   48 8b 1f 48 85 db 74 1c 48 83 fb 37 74 16 48 8b
0x0000000103648368:   03 48 89 df ff 50 10 84 c0 b8 00 00 00 00 48 0f 

Register to memory mapping:

RAX=0x0000000000000001 is an unknown value
RBX=0x000070000b4dba8b is pointing into the stack for thread: 0x00007fdb4600d800
RCX=0x0000000103a18340: UseMembar+0 in /Library/Java/JavaVirtualMachines/jdk1.8.0_91.jdk/Contents/Home/jre/lib/server/libjvm.dylib at 0x0000000103200000
RDX=0x000070000b4dba8b is pointing into the stack for thread: 0x00007fdb4600d800
RSP=0x000070000b4db9d0 is pointing into the stack for thread: 0x00007fdb4600d800
RBP=0x000070000b4db9e0 is pointing into the stack for thread: 0x00007fdb4600d800
RSI=0x00007fdb4600d800 is a thread
RDI=0x6e6f69003b003b72 is an unknown value
R8 =0x0000000000000000 is an unknown value
R9 =0x00007fdb455a5240 is an unknown value
R10=0x0000000000000001 is an unknown value
R11=0x0000000000000001 is an unknown value
R12=0x00007fdb4600d800 is a thread
R13=0x6e6f69003b003b72 is an unknown value
R14=0x6e6f69003b003b72 is an unknown value
R15=0x00007fdb45505b60 is an unknown value


Stack: [0x000070000b3dc000,0x000070000b4dc000],  sp=0x000070000b4db9d0,  free space=1022k
Native frames: (J=compiled Java code, j=interpreted, Vv=VM code, C=native code)
V  [libjvm.dylib+0x448358]  Method::checked_resolve_jmethod_id(_jmethodID*)+0xe
V  [libjvm.dylib+0x357316]  jvmti_IsMethodSynthetic+0xb2
C  [libjdwp.dylib+0x20780]  isMethodSynthetic+0x63
C  [libjdwp.dylib+0x51f3]  methods1+0x10b
C  [libjdwp.dylib+0x52ec]  methodsWithGeneric+0xe
C  [libjdwp.dylib+0xe898]  debugLoop_run+0x1ce
C  [libjdwp.dylib+0x1f6ba]  attachThread+0x4d
V  [libjvm.dylib+0x39867c]  JvmtiAgentThread::call_start_function()+0x38
V  [libjvm.dylib+0x563d17]  JavaThread::thread_main_inner()+0x9b
V  [libjvm.dylib+0x565412]  JavaThread::run()+0x1c2
V  [libjvm.dylib+0x484f82]  java_start(Thread*)+0xf6
C  [libsystem_pthread.dylib+0x393b]  _pthread_body+0xb4
C  [libsystem_pthread.dylib+0x3887]  _pthread_body+0x0
C  [libsystem_pthread.dylib+0x308d]  thread_start+0xd
C  0x0000000000000000


---------------  P R O C E S S  ---------------

Java Threads: ( => current thread )
  0x00007fdb46802000 JavaThread "DestroyJavaVM" [_thread_blocked, id=7171, stack(0x000070000a6b5000,0x000070000a7b5000)]
  0x00007fdb493f2800 JavaThread "http-nio-9000-AsyncTimeout" daemon [_thread_blocked, id=32771, stack(0x000070000cf2d000,0x000070000d02d000)]
  0x00007fdb4b441800 JavaThread "http-nio-9000-Acceptor-0" daemon [_thread_in_native, id=32259, stack(0x000070000ce2a000,0x000070000cf2a000)]
  0x00007fdb4bff7800 JavaThread "http-nio-9000-ClientPoller-1" daemon [_thread_in_native, id=31747, stack(0x000070000cd27000,0x000070000ce27000)]
  0x00007fdb493f2000 JavaThread "http-nio-9000-ClientPoller-0" daemon [_thread_in_native, id=31235, stack(0x000070000cc24000,0x000070000cd24000)]
  0x00007fdb46de5000 JavaThread "http-nio-9000-exec-10" daemon [_thread_blocked, id=30723, stack(0x000070000cb21000,0x000070000cc21000)]
  0x00007fdb4c7f7000 JavaThread "http-nio-9000-exec-9" daemon [_thread_blocked, id=30211, stack(0x000070000ca1e000,0x000070000cb1e000)]
  0x00007fdb478f7000 JavaThread "http-nio-9000-exec-8" daemon [_thread_blocked, id=29699, stack(0x000070000c91b000,0x000070000ca1b000)]
  0x00007fdb4866e000 JavaThread "http-nio-9000-exec-7" daemon [_thread_blocked, id=29187, stack(0x000070000c818000,0x000070000c918000)]
  0x00007fdb45ca5800 JavaThread "http-nio-9000-exec-6" daemon [_thread_blocked, id=28675, stack(0x000070000c715000,0x000070000c815000)]
  0x00007fdb4cb7b800 JavaThread "http-nio-9000-exec-5" daemon [_thread_blocked, id=28163, stack(0x000070000c612000,0x000070000c712000)]
  0x00007fdb4866d800 JavaThread "http-nio-9000-exec-4" daemon [_thread_blocked, id=27651, stack(0x000070000c50f000,0x000070000c60f000)]
  0x00007fdb4866c800 JavaThread "http-nio-9000-exec-3" daemon [_thread_blocked, id=27139, stack(0x000070000c40c000,0x000070000c50c000)]
  0x00007fdb4866c000 JavaThread "http-nio-9000-exec-2" daemon [_thread_blocked, id=26627, stack(0x000070000c309000,0x000070000c409000)]
  0x00007fdb4866b000 JavaThread "http-nio-9000-exec-1" daemon [_thread_blocked, id=26115, stack(0x000070000c206000,0x000070000c306000)]
  0x00007fdb45fb4800 JavaThread "NioBlockingSelector.BlockPoller-1" daemon [_thread_in_native, id=25603, stack(0x000070000c103000,0x000070000c203000)]
  0x00007fdb4ac02000 JavaThread "container-0" [_thread_blocked, id=25091, stack(0x000070000c000000,0x000070000c100000)]
  0x00007fdb4ba66000 JavaThread "ContainerBackgroundProcessor[StandardEngine[Tomcat]]" daemon [_thread_blocked, id=24579, stack(0x000070000befd000,0x000070000bffd000)]
  0x00007fdb4585a000 JavaThread "Service Thread" daemon [_thread_blocked, id=22531, stack(0x000070000baf1000,0x000070000bbf1000)]
  0x00007fdb48839800 JavaThread "C1 CompilerThread3" daemon [_thread_blocked, id=22019, stack(0x000070000b9ee000,0x000070000baee000)]
  0x00007fdb4600c000 JavaThread "C2 CompilerThread2" daemon [_thread_blocked, id=21507, stack(0x000070000b8eb000,0x000070000b9eb000)]
  0x00007fdb48838800 JavaThread "C2 CompilerThread1" daemon [_thread_blocked, id=20995, stack(0x000070000b7e8000,0x000070000b8e8000)]
  0x00007fdb48838000 JavaThread "C2 CompilerThread0" daemon [_thread_blocked, id=20483, stack(0x000070000b6e5000,0x000070000b7e5000)]
  0x00007fdb47800800 JavaThread "JDWP Command Reader" daemon [_thread_in_native, id=19971, stack(0x000070000b5e2000,0x000070000b6e2000)]
  0x00007fdb45869000 JavaThread "JDWP Event Helper Thread" daemon [_thread_blocked, id=19459, stack(0x000070000b4df000,0x000070000b5df000)]
=>0x00007fdb4600d800 JavaThread "JDWP Transport Listener: dt_socket" daemon [_thread_in_vm, id=18947, stack(0x000070000b3dc000,0x000070000b4dc000)]
  0x00007fdb46002000 JavaThread "Signal Dispatcher" daemon [_thread_blocked, id=18435, stack(0x000070000b2d9000,0x000070000b3d9000)]
  0x00007fdb45830000 JavaThread "Finalizer" daemon [_thread_blocked, id=14595, stack(0x000070000b1d6000,0x000070000b2d6000)]
  0x00007fdb4582d000 JavaThread "Reference Handler" daemon [_thread_blocked, id=14083, stack(0x000070000b0d3000,0x000070000b1d3000)]

Other Threads:
  0x00007fdb45828800 VMThread [stack: 0x000070000afd0000,0x000070000b0d0000] [id=13571]
  0x00007fdb4600b000 WatcherThread [stack: 0x000070000bbf4000,0x000070000bcf4000] [id=23043]

VM state:not at safepoint (normal execution)

VM Mutex/Monitor currently owned by a thread: None

Heap:
 PSYoungGen      total 248832K, used 166254K [0x000000076ab00000, 0x000000077b600000, 0x00000007c0000000)
  eden space 235520K, 67% used [0x000000076ab00000,0x0000000774749028,0x0000000779100000)
  from space 13312K, 46% used [0x000000077a900000,0x000000077af128d8,0x000000077b600000)
  to   space 18944K, 0% used [0x0000000779100000,0x0000000779100000,0x000000077a380000)
 ParOldGen       total 152064K, used 24126K [0x00000006c0000000, 0x00000006c9480000, 0x000000076ab00000)
  object space 152064K, 15% used [0x00000006c0000000,0x00000006c178f980,0x00000006c9480000)
 Metaspace       used 44547K, capacity 45072K, committed 45360K, reserved 1089536K
  class space    used 5230K, capacity 5356K, committed 5424K, reserved 1048576K

Card table byte_map: [0x0000000104554000,0x0000000104d55000] byte_map_base: 0x0000000100f54000

Marking Bits: (ParMarkBitMap*) 0x0000000103ae6eb0
 Begin Bits: [0x0000000115c5d000, 0x0000000119c5d000)
 End Bits:   [0x0000000119c5d000, 0x000000011dc5d000)

Polling page: 0x0000000102099000

CodeCache: size=245760Kb used=24057Kb max_used=24254Kb free=221702Kb
 bounds [0x0000000106c5d000, 0x000000010843d000, 0x0000000115c5d000]
 total_blobs=6482 nmethods=5803 adapters=599
 compilation: enabled

Compilation events (10 events):
Event: 8240.850 Thread 0x00007fdb48839800 6890   !   3       org.thymeleaf.cache.StandardCache::outputReportIfNeeded (147 bytes)
Event: 8240.851 Thread 0x00007fdb48839800 nmethod 6890 0x000000010818a010 code [0x000000010818a360, 0x000000010818c328]
Event: 8242.562 Thread 0x00007fdb48839800 6891   !   3       com.google.gson.Gson::getAdapter (257 bytes)
Event: 8242.564 Thread 0x00007fdb48839800 nmethod 6891 0x0000000106ef6390 code [0x0000000106ef6820, 0x0000000106ef9548]
Event: 8242.564 Thread 0x00007fdb48839800 6893       3       com.google.gson.stream.JsonWriter::peek (29 bytes)
Event: 8242.565 Thread 0x00007fdb48839800 nmethod 6893 0x0000000106ef5e10 code [0x0000000106ef5fa0, 0x0000000106ef6228]
Event: 8242.565 Thread 0x00007fdb48839800 6892       3       com.google.gson.internal.$Gson$Types::canonicalize (139 bytes)
Event: 8242.565 Thread 0x00007fdb48839800 nmethod 6892 0x0000000107f79210 code [0x0000000107f794c0, 0x0000000107f7a8e8]
Event: 8253.294 Thread 0x00007fdb48839800 6894       3       org.apache.catalina.webresources.Cache::evict (79 bytes)
Event: 8253.295 Thread 0x00007fdb48839800 nmethod 6894 0x00000001080cd490 code [0x00000001080cd6c0, 0x00000001080ce3e8]

GC Heap History (10 events):
Event: 3.314 GC heap before
{Heap before GC invocations=6 (full 1):
 PSYoungGen      total 102912K, used 102798K [0x000000076ab00000, 0x0000000771a80000, 0x00000007c0000000)
  eden space 92160K, 99% used [0x000000076ab00000,0x00000007704eadb8,0x0000000770500000)
  from space 10752K, 99% used [0x0000000770f80000,0x00000007719f8bc0,0x0000000771a00000)
  to   space 10752K, 0% used [0x0000000770500000,0x0000000770500000,0x0000000770f80000)
 ParOldGen       total 114176K, used 13108K [0x00000006c0000000, 0x00000006c6f80000, 0x000000076ab00000)
  object space 114176K, 11% used [0x00000006c0000000,0x00000006c0ccd398,0x00000006c6f80000)
 Metaspace       used 34500K, capacity 34836K, committed 35120K, reserved 1079296K
  class space    used 4273K, capacity 4364K, committed 4400K, reserved 1048576K
Event: 3.331 GC heap after
Heap after GC invocations=6 (full 1):
 PSYoungGen      total 102912K, used 10730K [0x000000076ab00000, 0x0000000775300000, 0x00000007c0000000)
  eden space 92160K, 0% used [0x000000076ab00000,0x000000076ab00000,0x0000000770500000)
  from space 10752K, 99% used [0x0000000770500000,0x0000000770f7a870,0x0000000770f80000)
  to   space 18944K, 0% used [0x0000000774080000,0x0000000774080000,0x0000000775300000)
 ParOldGen       total 114176K, used 21220K [0x00000006c0000000, 0x00000006c6f80000, 0x000000076ab00000)
  object space 114176K, 18% used [0x00000006c0000000,0x00000006c14b9220,0x00000006c6f80000)
 Metaspace       used 34500K, capacity 34836K, committed 35120K, reserved 1079296K
  class space    used 4273K, capacity 4364K, committed 4400K, reserved 1048576K
}
Event: 3.343 GC heap before
{Heap before GC invocations=7 (full 1):
 PSYoungGen      total 102912K, used 13825K [0x000000076ab00000, 0x0000000775300000, 0x00000007c0000000)
  eden space 92160K, 3% used [0x000000076ab00000,0x000000076ae05db8,0x0000000770500000)
  from space 10752K, 99% used [0x0000000770500000,0x0000000770f7a870,0x0000000770f80000)
  to   space 18944K, 0% used [0x0000000774080000,0x0000000774080000,0x0000000775300000)
 ParOldGen       total 114176K, used 21220K [0x00000006c0000000, 0x00000006c6f80000, 0x000000076ab00000)
  object space 114176K, 18% used [0x00000006c0000000,0x00000006c14b9220,0x00000006c6f80000)
 Metaspace       used 34958K, capacity 35284K, committed 35496K, reserved 1081344K
  class space    used 4273K, capacity 4364K, committed 4400K, reserved 1048576K
Event: 3.353 GC heap after
Heap after GC invocations=7 (full 1):
 PSYoungGen      total 153600K, used 11655K [0x000000076ab00000, 0x0000000777700000, 0x00000007c0000000)
  eden space 134656K, 0% used [0x000000076ab00000,0x000000076ab00000,0x0000000772e80000)
  from space 18944K, 61% used [0x0000000774080000,0x0000000774be1c30,0x0000000775300000)
  to   space 18432K, 0% used [0x0000000772e80000,0x0000000772e80000,0x0000000774080000)
 ParOldGen       total 114176K, used 21220K [0x00000006c0000000, 0x00000006c6f80000, 0x000000076ab00000)
  object space 114176K, 18% used [0x00000006c0000000,0x00000006c14b9220,0x00000006c6f80000)
 Metaspace       used 34958K, capacity 35284K, committed 35496K, reserved 1081344K
  class space    used 4273K, capacity 4364K, committed 4400K, reserved 1048576K
}
Event: 3.353 GC heap before
{Heap before GC invocations=8 (full 2):
 PSYoungGen      total 153600K, used 11655K [0x000000076ab00000, 0x0000000777700000, 0x00000007c0000000)
  eden space 134656K, 0% used [0x000000076ab00000,0x000000076ab00000,0x0000000772e80000)
  from space 18944K, 61% used [0x0000000774080000,0x0000000774be1c30,0x0000000775300000)
  to   space 18432K, 0% used [0x0000000772e80000,0x0000000772e80000,0x0000000774080000)
 ParOldGen       total 114176K, used 21220K [0x00000006c0000000, 0x00000006c6f80000, 0x000000076ab00000)
  object space 114176K, 18% used [0x00000006c0000000,0x00000006c14b9220,0x00000006c6f80000)
 Metaspace       used 34958K, capacity 35284K, committed 35496K, reserved 1081344K
  class space    used 4273K, capacity 4364K, committed 4400K, reserved 1048576K
Event: 3.407 GC heap after
Heap after GC invocations=8 (full 2):
 PSYoungGen      total 153600K, used 0K [0x000000076ab00000, 0x0000000777700000, 0x00000007c0000000)
  eden space 134656K, 0% used [0x000000076ab00000,0x000000076ab00000,0x0000000772e80000)
  from space 18944K, 0% used [0x0000000774080000,0x0000000774080000,0x0000000775300000)
  to   space 18432K, 0% used [0x0000000772e80000,0x0000000772e80000,0x0000000774080000)
 ParOldGen       total 152064K, used 24110K [0x00000006c0000000, 0x00000006c9480000, 0x000000076ab00000)
  object space 152064K, 15% used [0x00000006c0000000,0x00000006c178b980,0x00000006c9480000)
 Metaspace       used 34958K, capacity 35284K, committed 35496K, reserved 1081344K
  class space    used 4273K, capacity 4364K, committed 4400K, reserved 1048576K
}
Event: 579.472 GC heap before
{Heap before GC invocations=9 (full 2):
 PSYoungGen      total 153600K, used 134656K [0x000000076ab00000, 0x0000000777700000, 0x00000007c0000000)
  eden space 134656K, 100% used [0x000000076ab00000,0x0000000772e80000,0x0000000772e80000)
  from space 18944K, 0% used [0x0000000774080000,0x0000000774080000,0x0000000775300000)
  to   space 18432K, 0% used [0x0000000772e80000,0x0000000772e80000,0x0000000774080000)
 ParOldGen       total 152064K, used 24110K [0x00000006c0000000, 0x00000006c9480000, 0x000000076ab00000)
  object space 152064K, 15% used [0x00000006c0000000,0x00000006c178b980,0x00000006c9480000)
 Metaspace       used 41880K, capacity 42292K, committed 42672K, reserved 1087488K
  class space    used 5090K, capacity 5186K, committed 5296K, reserved 1048576K
Event: 579.482 GC heap after
Heap after GC invocations=9 (full 2):
 PSYoungGen      total 153088K, used 9966K [0x000000076ab00000, 0x000000077ba80000, 0x00000007c0000000)
  eden space 134656K, 0% used [0x000000076ab00000,0x000000076ab00000,0x0000000772e80000)
  from space 18432K, 54% used [0x0000000772e80000,0x000000077383ba60,0x0000000774080000)
  to   space 17920K, 0% used [0x000000077a900000,0x000000077a900000,0x000000077ba80000)
 ParOldGen       total 152064K, used 24118K [0x00000006c0000000, 0x00000006c9480000, 0x000000076ab00000)
  object space 152064K, 15% used [0x00000006c0000000,0x00000006c178d980,0x00000006c9480000)
 Metaspace       used 41880K, capacity 42292K, committed 42672K, reserved 1087488K
  class space    used 5090K, capacity 5186K, committed 5296K, reserved 1048576K
}
Event: 934.152 GC heap before
{Heap before GC invocations=10 (full 2):
 PSYoungGen      total 153088K, used 144622K [0x000000076ab00000, 0x000000077ba80000, 0x00000007c0000000)
  eden space 134656K, 100% used [0x000000076ab00000,0x0000000772e80000,0x0000000772e80000)
  from space 18432K, 54% used [0x0000000772e80000,0x000000077383ba60,0x0000000774080000)
  to   space 17920K, 0% used [0x000000077a900000,0x000000077a900000,0x000000077ba80000)
 ParOldGen       total 152064K, used 24118K [0x00000006c0000000, 0x00000006c9480000, 0x000000076ab00000)
  object space 152064K, 15% used [0x00000006c0000000,0x00000006c178d980,0x00000006c9480000)
 Metaspace       used 43085K, capacity 43546K, committed 43952K, reserved 1087488K
  class space    used 5147K, capacity 5267K, committed 5296K, reserved 1048576K
Event: 934.159 GC heap after
Heap after GC invocations=10 (full 2):
 PSYoungGen      total 248832K, used 6218K [0x000000076ab00000, 0x000000077b600000, 0x00000007c0000000)
  eden space 235520K, 0% used [0x000000076ab00000,0x000000076ab00000,0x0000000779100000)
  from space 13312K, 46% used [0x000000077a900000,0x000000077af128d8,0x000000077b600000)
  to   space 18944K, 0% used [0x0000000779100000,0x0000000779100000,0x000000077a380000)
 ParOldGen       total 152064K, used 24126K [0x00000006c0000000, 0x00000006c9480000, 0x000000076ab00000)
  object space 152064K, 15% used [0x00000006c0000000,0x00000006c178f980,0x00000006c9480000)
 Metaspace       used 43085K, capacity 43546K, committed 43952K, reserved 1087488K
  class space    used 5147K, capacity 5267K, committed 5296K, reserved 1048576K
}

Deoptimization events (10 events):
Event: 4691.890 Thread 0x00007fdb478f7000 Uncommon trap: reason=unhandled action=none pc=0x0000000107c6e010 method=java.lang.Class.getDeclaredMethod(Ljava/lang/String;[Ljava/lang/Class;)Ljava/lang/reflect/Method; @ 64
Event: 4691.969 Thread 0x00007fdb4c7f7000 Uncommon trap: reason=unhandled action=none pc=0x0000000107c6e010 method=java.lang.Class.getDeclaredMethod(Ljava/lang/String;[Ljava/lang/Class;)Ljava/lang/reflect/Method; @ 64
Event: 4692.037 Thread 0x00007fdb46de5000 Uncommon trap: reason=unhandled action=none pc=0x0000000107c6e010 method=java.lang.Class.getDeclaredMethod(Ljava/lang/String;[Ljava/lang/Class;)Ljava/lang/reflect/Method; @ 64
Event: 4692.126 Thread 0x00007fdb4866b000 Uncommon trap: reason=unhandled action=none pc=0x0000000107c6e010 method=java.lang.Class.getDeclaredMethod(Ljava/lang/String;[Ljava/lang/Class;)Ljava/lang/reflect/Method; @ 64
Event: 4692.171 Thread 0x00007fdb4866c000 Uncommon trap: reason=unhandled action=none pc=0x0000000107c6e010 method=java.lang.Class.getDeclaredMethod(Ljava/lang/String;[Ljava/lang/Class;)Ljava/lang/reflect/Method; @ 64
Event: 4692.248 Thread 0x00007fdb4866c800 Uncommon trap: reason=unhandled action=none pc=0x0000000107c6e010 method=java.lang.Class.getDeclaredMethod(Ljava/lang/String;[Ljava/lang/Class;)Ljava/lang/reflect/Method; @ 64
Event: 4692.364 Thread 0x00007fdb4866d800 Uncommon trap: reason=unhandled action=none pc=0x0000000107c6e010 method=java.lang.Class.getDeclaredMethod(Ljava/lang/String;[Ljava/lang/Class;)Ljava/lang/reflect/Method; @ 64
Event: 4692.439 Thread 0x00007fdb4cb7b800 Uncommon trap: reason=unhandled action=none pc=0x0000000107c6e010 method=java.lang.Class.getDeclaredMethod(Ljava/lang/String;[Ljava/lang/Class;)Ljava/lang/reflect/Method; @ 64
Event: 6292.034 Thread 0x00007fdb4cb7b800 Uncommon trap: reason=unhandled action=none pc=0x0000000107b9fe28 method=java.net.URLClassLoader.findClass(Ljava/lang/String;)Ljava/lang/Class; @ 44
Event: 6292.034 Thread 0x00007fdb4cb7b800 Uncommon trap: reason=unhandled action=none pc=0x00000001072df09c method=java.net.URLClassLoader.findClass(Ljava/lang/String;)Ljava/lang/Class; @ 44

Internal exceptions (10 events):
Event: 1137.643 Thread 0x00007fdb4866c000 Implicit null exception at 0x0000000107ca754c to 0x0000000107ca784c
Event: 1714.531 Thread 0x00007fdb4866d800 Exception <a 'java/lang/ClassNotFoundException': java/lang/ObjectCustomizer> (0x000000076dcd44b0) thrown at [/Users/java_re/workspace/8-2-build-macosx-x86_64/jdk8u91/6644/hotspot/src/share/vm/classfile/systemDictionary.cpp, line 210]
Event: 1714.531 Thread 0x00007fdb4866d800 Exception <a 'java/lang/ArrayIndexOutOfBoundsException': 22> (0x000000076dcd7bb8) thrown at [/Users/java_re/workspace/8-2-build-macosx-x86_64/jdk8u91/6644/hotspot/src/share/vm/interpreter/interpreterRuntime.cpp, line 366]
Event: 1714.532 Thread 0x00007fdb4866d800 Exception <a 'java/lang/ClassNotFoundException': com/devRabbit/mckesson/entity/DebitMemoCustomizer> (0x000000076dcea5f8) thrown at [/Users/java_re/workspace/8-2-build-macosx-x86_64/jdk8u91/6644/hotspot/src/share/vm/classfile/systemDictionary.cpp, line 210
Event: 1714.532 Thread 0x00007fdb4866d800 Exception <a 'java/lang/ClassNotFoundException': java/io/SerializableCustomizer> (0x000000076dd12440) thrown at [/Users/java_re/workspace/8-2-build-macosx-x86_64/jdk8u91/6644/hotspot/src/share/vm/classfile/systemDictionary.cpp, line 210]
Event: 1714.533 Thread 0x00007fdb4866d800 Exception <a 'java/lang/ClassNotFoundException': java/lang/ObjectCustomizer> (0x000000076dd1dc30) thrown at [/Users/java_re/workspace/8-2-build-macosx-x86_64/jdk8u91/6644/hotspot/src/share/vm/classfile/systemDictionary.cpp, line 210]
Event: 1714.534 Thread 0x00007fdb4866d800 Exception <a 'java/lang/ClassNotFoundException': com/devRabbit/mckesson/entity/CustomerCustomizer> (0x000000076dd322f8) thrown at [/Users/java_re/workspace/8-2-build-macosx-x86_64/jdk8u91/6644/hotspot/src/share/vm/classfile/systemDictionary.cpp, line 210]
Event: 1714.534 Thread 0x00007fdb4866d800 Exception <a 'java/lang/ClassNotFoundException': java/io/SerializableCustomizer> (0x000000076dd46910) thrown at [/Users/java_re/workspace/8-2-build-macosx-x86_64/jdk8u91/6644/hotspot/src/share/vm/classfile/systemDictionary.cpp, line 210]
Event: 2623.160 Thread 0x00007fdb45ca5800 Implicit null exception at 0x00000001082fec31 to 0x00000001083056ed
Event: 3697.386 Thread 0x00007fdb45ca5800 Exception <a 'java/lang/ArrayIndexOutOfBoundsException': 67> (0x000000076e56d6f0) thrown at [/Users/java_re/workspace/8-2-build-macosx-x86_64/jdk8u91/6644/hotspot/src/share/vm/interpreter/interpreterRuntime.cpp, line 366]

Events (10 events):
Event: 9008.095 Executing VM operation: ChangeBreakpoints
Event: 9008.096 Executing VM operation: ChangeBreakpoints done
Event: 9008.100 Executing VM operation: ChangeBreakpoints
Event: 9008.102 Executing VM operation: ChangeBreakpoints done
Event: 9008.106 Executing VM operation: ChangeBreakpoints
Event: 9008.108 Executing VM operation: ChangeBreakpoints done
Event: 9008.108 Executing VM operation: ChangeBreakpoints
Event: 9008.109 Executing VM operation: ChangeBreakpoints done
Event: 9008.135 Executing VM operation: ChangeBreakpoints
Event: 9008.136 Executing VM operation: ChangeBreakpoints done


Dynamic libraries:
0x000000003e0c7000 	/System/Library/Frameworks/Cocoa.framework/Versions/A/Cocoa
0x000000003e0c7000 	/System/Library/Frameworks/Security.framework/Versions/A/Security
0x000000003e0c7000 	/System/Library/Frameworks/ApplicationServices.framework/Versions/A/ApplicationServices
0x000000003e0c7000 	/usr/lib/libz.1.dylib
0x000000003e0c7000 	/usr/lib/libSystem.B.dylib
0x000000003e0c7000 	/usr/lib/libobjc.A.dylib
0x000000003e0c7000 	/System/Library/Frameworks/CoreFoundation.framework/Versions/A/CoreFoundation
0x000000003e0c7000 	/System/Library/Frameworks/Foundation.framework/Versions/C/Foundation
0x000000003e0c7000 	/System/Library/Frameworks/AppKit.framework/Versions/C/AppKit
0x000000003e0c7000 	/System/Library/Frameworks/CoreData.framework/Versions/A/CoreData
0x000000003e0c7000 	/System/Library/PrivateFrameworks/RemoteViewServices.framework/Versions/A/RemoteViewServices
0x000000003e0c7000 	/System/Library/PrivateFrameworks/UIFoundation.framework/Versions/A/UIFoundation
0x000000003e0c7000 	/System/Library/PrivateFrameworks/DFRFoundation.framework/Versions/A/DFRFoundation
0x000000003e0c7000 	/usr/lib/libenergytrace.dylib
0x000000003e0c7000 	/System/Library/PrivateFrameworks/SkyLight.framework/Versions/A/SkyLight
0x000000003e0c7000 	/System/Library/Frameworks/CoreGraphics.framework/Versions/A/CoreGraphics
0x000000003e0c7000 	/usr/lib/libScreenReader.dylib
0x000000003e0c7000 	/System/Library/Frameworks/Accelerate.framework/Versions/A/Accelerate
0x000000003e0c7000 	/System/Library/Frameworks/IOSurface.framework/Versions/A/IOSurface
0x000000003e0c7000 	/System/Library/Frameworks/AudioToolbox.framework/Versions/A/AudioToolbox
0x000000003e0c7000 	/System/Library/Frameworks/AudioUnit.framework/Versions/A/AudioUnit
0x000000003e0c7000 	/System/Library/PrivateFrameworks/DataDetectorsCore.framework/Versions/A/DataDetectorsCore
0x000000003e0c7000 	/System/Library/PrivateFrameworks/DesktopServicesPriv.framework/Versions/A/DesktopServicesPriv
0x000000003e0c7000 	/System/Library/Frameworks/Carbon.framework/Versions/A/Frameworks/HIToolbox.framework/Versions/A/HIToolbox
0x000000003e0c7000 	/usr/lib/libicucore.A.dylib
0x000000003e0c7000 	/System/Library/Frameworks/QuartzCore.framework/Versions/A/QuartzCore
0x000000003e0c7000 	/System/Library/Frameworks/Carbon.framework/Versions/A/Frameworks/SpeechRecognition.framework/Versions/A/SpeechRecognition
0x000000003e0c7000 	/usr/lib/libauto.dylib
0x000000003e0c7000 	/usr/lib/libxml2.2.dylib
0x000000003e0c7000 	/System/Library/PrivateFrameworks/CoreUI.framework/Versions/A/CoreUI
0x000000003e0c7000 	/System/Library/Frameworks/CoreAudio.framework/Versions/A/CoreAudio
0x000000003e0c7000 	/System/Library/Frameworks/DiskArbitration.framework/Versions/A/DiskArbitration
0x000000003e0c7000 	/usr/lib/liblangid.dylib
0x000000003e0c7000 	/System/Library/PrivateFrameworks/MultitouchSupport.framework/Versions/A/MultitouchSupport
0x000000003e0c7000 	/System/Library/Frameworks/IOKit.framework/Versions/A/IOKit
0x000000003e0c7000 	/usr/lib/libDiagnosticMessagesClient.dylib
0x000000003e0c7000 	/System/Library/Frameworks/CoreServices.framework/Versions/A/CoreServices
0x000000003e0c7000 	/System/Library/PrivateFrameworks/PerformanceAnalysis.framework/Versions/A/PerformanceAnalysis
0x000000003e0c7000 	/System/Library/PrivateFrameworks/GenerationalStorage.framework/Versions/A/GenerationalStorage
0x000000003e0c7000 	/System/Library/Frameworks/OpenGL.framework/Versions/A/OpenGL
0x000000003e0c7000 	/System/Library/Frameworks/CoreImage.framework/Versions/A/CoreImage
0x000000003e0c7000 	/System/Library/Frameworks/CoreText.framework/Versions/A/CoreText
0x000000003e0c7000 	/System/Library/Frameworks/ImageIO.framework/Versions/A/ImageIO
0x000000003e0c7000 	/System/Library/PrivateFrameworks/Backup.framework/Versions/A/Backup
0x000000003e0c7000 	/usr/lib/libarchive.2.dylib
0x000000003e0c7000 	/System/Library/Frameworks/CFNetwork.framework/Versions/A/CFNetwork
0x000000003e0c7000 	/System/Library/Frameworks/SystemConfiguration.framework/Versions/A/SystemConfiguration
0x000000003e0c7000 	/usr/lib/libCRFSuite.dylib
0x000000003e0c7000 	/usr/lib/libc++.1.dylib
0x000000003e0c7000 	/usr/lib/libc++abi.dylib
0x000000003e0c7000 	/usr/lib/system/libcache.dylib
0x000000003e0c7000 	/usr/lib/system/libcommonCrypto.dylib
0x000000003e0c7000 	/usr/lib/system/libcompiler_rt.dylib
0x000000003e0c7000 	/usr/lib/system/libcopyfile.dylib
0x000000003e0c7000 	/usr/lib/system/libcorecrypto.dylib
0x000000003e0c7000 	/usr/lib/system/libdispatch.dylib
0x000000003e0c7000 	/usr/lib/system/libdyld.dylib
0x000000003e0c7000 	/usr/lib/system/libkeymgr.dylib
0x000000003e0c7000 	/usr/lib/system/liblaunch.dylib
0x000000003e0c7000 	/usr/lib/system/libmacho.dylib
0x000000003e0c7000 	/usr/lib/system/libquarantine.dylib
0x000000003e0c7000 	/usr/lib/system/libremovefile.dylib
0x000000003e0c7000 	/usr/lib/system/libsystem_asl.dylib
0x000000003e0c7000 	/usr/lib/system/libsystem_blocks.dylib
0x000000003e0c7000 	/usr/lib/system/libsystem_c.dylib
0x000000003e0c7000 	/usr/lib/system/libsystem_configuration.dylib
0x000000003e0c7000 	/usr/lib/system/libsystem_coreservices.dylib
0x000000003e0c7000 	/usr/lib/system/libsystem_coretls.dylib
0x000000003e0c7000 	/usr/lib/system/libsystem_dnssd.dylib
0x000000003e0c7000 	/usr/lib/system/libsystem_info.dylib
0x000000003e0c7000 	/usr/lib/system/libsystem_kernel.dylib
0x000000003e0c7000 	/usr/lib/system/libsystem_m.dylib
0x000000003e0c7000 	/usr/lib/system/libsystem_malloc.dylib
0x000000003e0c7000 	/usr/lib/system/libsystem_network.dylib
0x000000003e0c7000 	/usr/lib/system/libsystem_networkextension.dylib
0x000000003e0c7000 	/usr/lib/system/libsystem_notify.dylib
0x000000003e0c7000 	/usr/lib/system/libsystem_platform.dylib
0x000000003e0c7000 	/usr/lib/system/libsystem_pthread.dylib
0x000000003e0c7000 	/usr/lib/system/libsystem_sandbox.dylib
0x000000003e0c7000 	/usr/lib/system/libsystem_secinit.dylib
0x000000003e0c7000 	/usr/lib/system/libsystem_symptoms.dylib
0x000000003e0c7000 	/usr/lib/system/libsystem_trace.dylib
0x000000003e0c7000 	/usr/lib/system/libunwind.dylib
0x000000003e0c7000 	/usr/lib/system/libxpc.dylib
0x000000003e0c7000 	/usr/lib/libbsm.0.dylib
0x000000003e0c7000 	/usr/lib/system/libkxld.dylib
0x000000003e0c7000 	/usr/lib/libcoretls.dylib
0x000000003e0c7000 	/usr/lib/libcoretls_cfhelpers.dylib
0x000000003e0c7000 	/usr/lib/libOpenScriptingUtil.dylib
0x000000003e0c7000 	/usr/lib/libpam.2.dylib
0x000000003e0c7000 	/usr/lib/libsqlite3.dylib
0x000000003e0c7000 	/usr/lib/libxar.1.dylib
0x000000003e0c7000 	/usr/lib/libbz2.1.0.dylib
0x000000003e0c7000 	/usr/lib/liblzma.5.dylib
0x000000003e0c7000 	/usr/lib/libnetwork.dylib
0x000000003e0c7000 	/usr/lib/libpcap.A.dylib
0x000000003e0c7000 	/System/Library/Frameworks/CoreServices.framework/Versions/A/Frameworks/FSEvents.framework/Versions/A/FSEvents
0x000000003e0c7000 	/System/Library/Frameworks/CoreServices.framework/Versions/A/Frameworks/CarbonCore.framework/Versions/A/CarbonCore
0x000000003e0c7000 	/System/Library/Frameworks/CoreServices.framework/Versions/A/Frameworks/Metadata.framework/Versions/A/Metadata
0x000000003e0c7000 	/System/Library/Frameworks/CoreServices.framework/Versions/A/Frameworks/OSServices.framework/Versions/A/OSServices
0x000000003e0c7000 	/System/Library/Frameworks/CoreServices.framework/Versions/A/Frameworks/SearchKit.framework/Versions/A/SearchKit
0x000000003e0c7000 	/System/Library/Frameworks/CoreServices.framework/Versions/A/Frameworks/AE.framework/Versions/A/AE
0x000000003e0c7000 	/System/Library/Frameworks/CoreServices.framework/Versions/A/Frameworks/LaunchServices.framework/Versions/A/LaunchServices
0x000000003e0c7000 	/System/Library/Frameworks/CoreServices.framework/Versions/A/Frameworks/DictionaryServices.framework/Versions/A/DictionaryServices
0x000000003e0c7000 	/System/Library/Frameworks/CoreServices.framework/Versions/A/Frameworks/SharedFileList.framework/Versions/A/SharedFileList
0x000000003e0c7000 	/System/Library/Frameworks/NetFS.framework/Versions/A/NetFS
0x000000003e0c7000 	/System/Library/PrivateFrameworks/NetAuth.framework/Versions/A/NetAuth
0x000000003e0c7000 	/System/Library/PrivateFrameworks/login.framework/Versions/A/Frameworks/loginsupport.framework/Versions/A/loginsupport
0x000000003e0c7000 	/System/Library/PrivateFrameworks/TCC.framework/Versions/A/TCC
0x000000003e0c7000 	/usr/lib/libmecabra.dylib
0x000000003e0c7000 	/System/Library/Frameworks/ApplicationServices.framework/Versions/A/Frameworks/ATS.framework/Versions/A/ATS
0x000000003e0c7000 	/System/Library/Frameworks/ApplicationServices.framework/Versions/A/Frameworks/ColorSync.framework/Versions/A/ColorSync
0x000000003e0c7000 	/System/Library/Frameworks/ApplicationServices.framework/Versions/A/Frameworks/HIServices.framework/Versions/A/HIServices
0x000000003e0c7000 	/System/Library/Frameworks/ApplicationServices.framework/Versions/A/Frameworks/LangAnalysis.framework/Versions/A/LangAnalysis
0x000000003e0c7000 	/System/Library/Frameworks/ApplicationServices.framework/Versions/A/Frameworks/PrintCore.framework/Versions/A/PrintCore
0x000000003e0c7000 	/System/Library/Frameworks/ApplicationServices.framework/Versions/A/Frameworks/QD.framework/Versions/A/QD
0x000000003e0c7000 	/System/Library/Frameworks/ApplicationServices.framework/Versions/A/Frameworks/SpeechSynthesis.framework/Versions/A/SpeechSynthesis
0x000000003e0c7000 	/System/Library/Frameworks/Accelerate.framework/Versions/A/Frameworks/vImage.framework/Versions/A/vImage
0x000000003e0c7000 	/System/Library/Frameworks/Accelerate.framework/Versions/A/Frameworks/vecLib.framework/Versions/A/vecLib
0x000000003e0c7000 	/System/Library/Frameworks/Accelerate.framework/Versions/A/Frameworks/vecLib.framework/Versions/A/libvDSP.dylib
0x000000003e0c7000 	/System/Library/Frameworks/Accelerate.framework/Versions/A/Frameworks/vecLib.framework/Versions/A/libBNNS.dylib
0x000000003e0c7000 	/System/Library/Frameworks/Accelerate.framework/Versions/A/Frameworks/vecLib.framework/Versions/A/libQuadrature.dylib
0x000000003e0c7000 	/System/Library/Frameworks/Accelerate.framework/Versions/A/Frameworks/vecLib.framework/Versions/A/libvMisc.dylib
0x000000003e0c7000 	/System/Library/Frameworks/Accelerate.framework/Versions/A/Frameworks/vecLib.framework/Versions/A/libLAPACK.dylib
0x000000003e0c7000 	/System/Library/Frameworks/Accelerate.framework/Versions/A/Frameworks/vecLib.framework/Versions/A/libBLAS.dylib
0x000000003e0c7000 	/System/Library/Frameworks/Accelerate.framework/Versions/A/Frameworks/vecLib.framework/Versions/A/libLinearAlgebra.dylib
0x000000003e0c7000 	/System/Library/Frameworks/Accelerate.framework/Versions/A/Frameworks/vecLib.framework/Versions/A/libSparseBLAS.dylib
0x000000003e0c7000 	/System/Library/Frameworks/ApplicationServices.framework/Versions/A/Frameworks/ATS.framework/Versions/A/Resources/libFontParser.dylib
0x000000003e0c7000 	/System/Library/Frameworks/ApplicationServices.framework/Versions/A/Frameworks/ATS.framework/Versions/A/Resources/libFontRegistry.dylib
0x000000003e0c7000 	/System/Library/Frameworks/ImageIO.framework/Versions/A/Resources/libJPEG.dylib
0x000000003e0c7000 	/System/Library/Frameworks/ImageIO.framework/Versions/A/Resources/libTIFF.dylib
0x000000003e0c7000 	/System/Library/Frameworks/ImageIO.framework/Versions/A/Resources/libPng.dylib
0x000000003e0c7000 	/System/Library/Frameworks/ImageIO.framework/Versions/A/Resources/libGIF.dylib
0x000000003e0c7000 	/System/Library/Frameworks/ImageIO.framework/Versions/A/Resources/libJP2.dylib
0x000000003e0c7000 	/System/Library/Frameworks/ImageIO.framework/Versions/A/Resources/libRadiance.dylib
0x000000003e0c7000 	/usr/lib/libcompression.dylib
0x000000003e0c7000 	/System/Library/PrivateFrameworks/AppleJPEG.framework/Versions/A/AppleJPEG
0x000000003e0c7000 	/usr/lib/libcups.2.dylib
0x000000003e0c7000 	/System/Library/Frameworks/Kerberos.framework/Versions/A/Kerberos
0x000000003e0c7000 	/System/Library/Frameworks/GSS.framework/Versions/A/GSS
0x000000003e0c7000 	/usr/lib/libresolv.9.dylib
0x000000003e0c7000 	/usr/lib/libiconv.2.dylib
0x000000003e0c7000 	/System/Library/PrivateFrameworks/Heimdal.framework/Versions/A/Heimdal
0x000000003e0c7000 	/usr/lib/libheimdal-asn1.dylib
0x000000003e0c7000 	/System/Library/Frameworks/OpenDirectory.framework/Versions/A/OpenDirectory
0x000000003e0c7000 	/System/Library/PrivateFrameworks/CommonAuth.framework/Versions/A/CommonAuth
0x000000003e0c7000 	/System/Library/Frameworks/OpenDirectory.framework/Versions/A/Frameworks/CFOpenDirectory.framework/Versions/A/CFOpenDirectory
0x000000003e0c7000 	/System/Library/Frameworks/SecurityFoundation.framework/Versions/A/SecurityFoundation
0x000000003e0c7000 	/System/Library/PrivateFrameworks/LanguageModeling.framework/Versions/A/LanguageModeling
0x000000003e0c7000 	/usr/lib/libmarisa.dylib
0x000000003e0c7000 	/usr/lib/libChineseTokenizer.dylib
0x000000003e0c7000 	/usr/lib/libcmph.dylib
0x000000003e0c7000 	/System/Library/PrivateFrameworks/CoreEmoji.framework/Versions/A/CoreEmoji
0x000000003e0c7000 	/System/Library/Frameworks/ServiceManagement.framework/Versions/A/ServiceManagement
0x000000003e0c7000 	/usr/lib/libxslt.1.dylib
0x000000003e0c7000 	/System/Library/Frameworks/Carbon.framework/Versions/A/Frameworks/Ink.framework/Versions/A/Ink
0x000000003e0c7000 	/System/Library/PrivateFrameworks/TextureIO.framework/Versions/A/TextureIO
0x000000003e0c7000 	/System/Library/Frameworks/Metal.framework/Versions/A/Metal
0x000000003e0c7000 	/usr/lib/libate.dylib
0x000000003e0c7000 	/System/Library/PrivateFrameworks/GPUCompiler.framework/libmetal_timestamp.dylib
0x000000003e0c7000 	/System/Library/Frameworks/OpenGL.framework/Versions/A/Libraries/libCoreFSCache.dylib
0x000000003e0c7000 	/System/Library/PrivateFrameworks/IOAccelerator.framework/Versions/A/IOAccelerator
0x000000003e0c7000 	/System/Library/Frameworks/CoreVideo.framework/Versions/A/CoreVideo
0x000000003e0c7000 	/usr/lib/libFosl_dynamic.dylib
0x000000003e0c7000 	/System/Library/PrivateFrameworks/MetalPerformanceShaders.framework/Versions/A/MetalPerformanceShaders
0x000000003e0c7000 	/System/Library/PrivateFrameworks/FaceCore.framework/Versions/A/FaceCore
0x000000003e0c7000 	/System/Library/Frameworks/OpenCL.framework/Versions/A/OpenCL
0x000000003e0c7000 	/System/Library/Frameworks/OpenGL.framework/Versions/A/Libraries/libGLU.dylib
0x000000003e0c7000 	/System/Library/Frameworks/OpenGL.framework/Versions/A/Libraries/libGFXShared.dylib
0x000000003e0c7000 	/System/Library/Frameworks/OpenGL.framework/Versions/A/Libraries/libGL.dylib
0x000000003e0c7000 	/System/Library/Frameworks/OpenGL.framework/Versions/A/Libraries/libGLImage.dylib
0x000000003e0c7000 	/System/Library/Frameworks/OpenGL.framework/Versions/A/Libraries/libCVMSPluginSupport.dylib
0x000000003e0c7000 	/System/Library/Frameworks/OpenGL.framework/Versions/A/Libraries/libCoreVMClient.dylib
0x000000003e0c7000 	/System/Library/PrivateFrameworks/CrashReporterSupport.framework/Versions/A/CrashReporterSupport
0x000000003e0c7000 	/System/Library/PrivateFrameworks/Sharing.framework/Versions/A/Sharing
0x000000003e0c7000 	/System/Library/PrivateFrameworks/IconServices.framework/Versions/A/IconServices
0x000000003e0c7000 	/System/Library/PrivateFrameworks/ProtocolBuffer.framework/Versions/A/ProtocolBuffer
0x000000003e0c7000 	/System/Library/PrivateFrameworks/Apple80211.framework/Versions/A/Apple80211
0x000000003e0c7000 	/System/Library/Frameworks/CoreWLAN.framework/Versions/A/CoreWLAN
0x000000003e0c7000 	/System/Library/PrivateFrameworks/CoreUtils.framework/Versions/A/CoreUtils
0x000000003e0c7000 	/System/Library/Frameworks/IOBluetooth.framework/Versions/A/IOBluetooth
0x000000003e0c7000 	/System/Library/PrivateFrameworks/CoreWiFi.framework/Versions/A/CoreWiFi
0x000000003e0c7000 	/System/Library/Frameworks/CoreBluetooth.framework/Versions/A/CoreBluetooth
0x000000003e0c7000 	/System/Library/Frameworks/CoreDisplay.framework/Versions/A/CoreDisplay
0x000000003e0c7000 	/System/Library/PrivateFrameworks/IOPresentment.framework/Versions/A/IOPresentment
0x000000003e0c7000 	/System/Library/PrivateFrameworks/DSExternalDisplay.framework/Versions/A/DSExternalDisplay
0x000000003e0c7000 	/System/Library/PrivateFrameworks/DebugSymbols.framework/Versions/A/DebugSymbols
0x000000003e0c7000 	/System/Library/PrivateFrameworks/CoreSymbolication.framework/Versions/A/CoreSymbolication
0x000000003e0c7000 	/System/Library/PrivateFrameworks/Symbolication.framework/Versions/A/Symbolication
0x000000003e0c7000 	/System/Library/PrivateFrameworks/AppleFSCompression.framework/Versions/A/AppleFSCompression
0x000000003e0c7000 	/System/Library/PrivateFrameworks/SpeechRecognitionCore.framework/Versions/A/SpeechRecognitionCore
0x000000003e0c7000 	/System/Library/PrivateFrameworks/ChunkingLibrary.framework/Versions/A/ChunkingLibrary
0x0000000103200000 	/Library/Java/JavaVirtualMachines/jdk1.8.0_91.jdk/Contents/Home/jre/lib/server/libjvm.dylib
0x000000003e0c7000 	/usr/lib/libstdc++.6.dylib
0x0000000102056000 	/Library/Java/JavaVirtualMachines/jdk1.8.0_91.jdk/Contents/Home/jre/lib/libverify.dylib
0x0000000102064000 	/Library/Java/JavaVirtualMachines/jdk1.8.0_91.jdk/Contents/Home/jre/lib/libjava.dylib
0x000000010209a000 	/Library/Java/JavaVirtualMachines/jdk1.8.0_91.jdk/Contents/Home/jre/lib/libjdwp.dylib
0x00000001020e5000 	/Library/Java/JavaVirtualMachines/jdk1.8.0_91.jdk/Contents/Home/jre/lib/libnpt.dylib
0x00000001020f2000 	/Library/Java/JavaVirtualMachines/jdk1.8.0_91.jdk/Contents/Home/jre/lib/libzip.dylib
0x0000000106bb6000 	/System/Library/Frameworks/JavaVM.framework/Frameworks/JavaRuntimeSupport.framework/JavaRuntimeSupport
0x000000011f1fd000 	/System/Library/Frameworks/JavaVM.framework/Versions/A/Frameworks/JavaNativeFoundation.framework/Versions/A/JavaNativeFoundation
0x00000001021ef000 	/System/Library/Frameworks/JavaVM.framework/Versions/A/JavaVM
0x000000003e0c7000 	/System/Library/Frameworks/Carbon.framework/Versions/A/Carbon
0x000000011f212000 	/System/Library/PrivateFrameworks/JavaLaunching.framework/Versions/A/JavaLaunching
0x000000003e0c7000 	/System/Library/Frameworks/Carbon.framework/Versions/A/Frameworks/CommonPanels.framework/Versions/A/CommonPanels
0x000000003e0c7000 	/System/Library/Frameworks/Carbon.framework/Versions/A/Frameworks/Help.framework/Versions/A/Help
0x000000003e0c7000 	/System/Library/Frameworks/Carbon.framework/Versions/A/Frameworks/ImageCapture.framework/Versions/A/ImageCapture
0x000000003e0c7000 	/System/Library/Frameworks/Carbon.framework/Versions/A/Frameworks/OpenScripting.framework/Versions/A/OpenScripting
0x000000003e0c7000 	/System/Library/Frameworks/Carbon.framework/Versions/A/Frameworks/Print.framework/Versions/A/Print
0x000000003e0c7000 	/System/Library/Frameworks/Carbon.framework/Versions/A/Frameworks/SecurityHI.framework/Versions/A/SecurityHI
0x0000000120b1b000 	/Library/Java/JavaVirtualMachines/jdk1.8.0_91.jdk/Contents/Home/jre/lib/libdt_socket.dylib
0x000000012105e000 	/Library/Java/JavaVirtualMachines/jdk1.8.0_91.jdk/Contents/Home/jre/lib/libmanagement.dylib
0x000000012106c000 	/Library/Java/JavaVirtualMachines/jdk1.8.0_91.jdk/Contents/Home/jre/lib/libnet.dylib
0x0000000121043000 	/Library/Java/JavaVirtualMachines/jdk1.8.0_91.jdk/Contents/Home/jre/lib/libnio.dylib
0x000000012100c000 	/Library/Java/JavaVirtualMachines/jdk1.8.0_91.jdk/Contents/Home/jre/lib/libsunec.dylib

VM Arguments:
jvm_args: -agentlib:jdwp=transport=dt_socket,suspend=y,address=localhost:53079 -Dfile.encoding=UTF-8 
java_command: com.devRabbit.mckesson.MckessonPocClientApplication
java_class_path (initial): /Users/navn/Documents/POC/mckesson-POC-client/target/classes:/Users/navn/.m2/repository/org/springframework/boot/spring-boot-starter-web/1.5.4.RELEASE/spring-boot-starter-web-1.5.4.RELEASE.jar:/Users/navn/.m2/repository/org/springframework/boot/spring-boot-starter/1.5.4.RELEASE/spring-boot-starter-1.5.4.RELEASE.jar:/Users/navn/.m2/repository/org/springframework/boot/spring-boot/1.5.4.RELEASE/spring-boot-1.5.4.RELEASE.jar:/Users/navn/.m2/repository/org/springframework/boot/spring-boot-autoconfigure/1.5.4.RELEASE/spring-boot-autoconfigure-1.5.4.RELEASE.jar:/Users/navn/.m2/repository/org/springframework/boot/spring-boot-starter-logging/1.5.4.RELEASE/spring-boot-starter-logging-1.5.4.RELEASE.jar:/Users/navn/.m2/repository/ch/qos/logback/logback-classic/1.1.11/logback-classic-1.1.11.jar:/Users/navn/.m2/repository/ch/qos/logback/logback-core/1.1.11/logback-core-1.1.11.jar:/Users/navn/.m2/repository/org/slf4j/jcl-over-slf4j/1.7.25/jcl-over-slf4j-1.7.25.jar:/Users/navn/.m2/repository/org/slf4j/jul-to-slf4j/1.7.25/jul-to-slf4j-1.7.25.jar:/Users/navn/.m2/repository/org/slf4j/log4j-over-slf4j/1.7.25/log4j-over-slf4j-1.7.25.jar:/Users/navn/.m2/repository/org/springframework/spring-core/4.3.9.RELEASE/spring-core-4.3.9.RELEASE.jar:/Users/navn/.m2/repository/org/yaml/snakeyaml/1.17/snakeyaml-1.17.jar:/Users/navn/.m2/repository/org/springframework/boot/spring-boot-starter-tomcat/1.5.4.RELEASE/spring-boot-starter-tomcat-1.5.4.RELEASE.jar:/Users/navn/.m2/repository/org/apache/tomcat/embed/tomcat-embed-core/8.5.15/tomcat-embed-core-8.5.15.jar:/Users/navn/.m2/repository/org/apache/tomcat/embed/tomcat-embed-el/8.5.15/tomcat-embed-el-8.5.15.jar:/Users/navn/.m2/repository/org/apache/tomcat/embed/tomcat-embed-websocket/8.5.15/tomcat-embed-websocket-8.5.15.jar:/Users/navn/.m2/repository/org/hibernate/hibernate-validator/5.3.5.Final/hibernate-validator-5.3.5.Final.jar:/Users/navn/.m2/repository/javax/validation/validation-api/1.1.0.Final/validation-api-1.1.0.Fina
Launcher Type: SUN_STANDARD

Environment Variables:
PATH=/usr/bin:/bin:/usr/sbin:/sbin
SHELL=/bin/bash

Signal Handlers:
SIGSEGV: [libjvm.dylib+0x5a97a1], sa_mask[0]=11111111011111110111111111111111, sa_flags=SA_ONSTACK|SA_RESTART|SA_SIGINFO
SIGBUS: [libjvm.dylib+0x5a97a1], sa_mask[0]=11111111011111110111111111111111, sa_flags=SA_RESTART|SA_SIGINFO
SIGFPE: [libjvm.dylib+0x482594], sa_mask[0]=11111111011111110111111111111111, sa_flags=SA_RESTART|SA_SIGINFO
SIGPIPE: [libjvm.dylib+0x482594], sa_mask[0]=11111111011111110111111111111111, sa_flags=SA_RESTART|SA_SIGINFO
SIGXFSZ: [libjvm.dylib+0x482594], sa_mask[0]=11111111011111110111111111111111, sa_flags=SA_RESTART|SA_SIGINFO
SIGILL: [libjvm.dylib+0x482594], sa_mask[0]=11111111011111110111111111111111, sa_flags=SA_RESTART|SA_SIGINFO
SIGUSR1: SIG_DFL, sa_mask[0]=00000000000000000000000000000000, sa_flags=none
SIGUSR2: [libjvm.dylib+0x4820b2], sa_mask[0]=00100000000000000000000000000000, sa_flags=SA_RESTART|SA_SIGINFO
SIGHUP: [libjvm.dylib+0x480689], sa_mask[0]=11111111011111110111111111111111, sa_flags=SA_RESTART|SA_SIGINFO
SIGINT: [libjvm.dylib+0x480689], sa_mask[0]=11111111011111110111111111111111, sa_flags=SA_RESTART|SA_SIGINFO
SIGTERM: [libjvm.dylib+0x480689], sa_mask[0]=11111111011111110111111111111111, sa_flags=SA_RESTART|SA_SIGINFO
SIGQUIT: [libjvm.dylib+0x480689], sa_mask[0]=11111111011111110111111111111111, sa_flags=SA_RESTART|SA_SIGINFO


---------------  S Y S T E M  ---------------

OS:Bsduname:Darwin 16.7.0 Darwin Kernel Version 16.7.0: Thu Jun 15 17:36:27 PDT 2017; root:xnu-3789.70.16~2/RELEASE_X86_64 x86_64
rlimit: STACK 8192k, CORE 0k, NPROC 709, NOFILE 10240, AS infinity
load average:2.01 1.98 1.97

CPU:total 8 (4 cores per cpu, 2 threads per core) family 6 model 70 stepping 1, cmov, cx8, fxsr, mmx, sse, sse2, sse3, ssse3, sse4.1, sse4.2, popcnt, avx, avx2, aes, clmul, erms, lzcnt, ht, tsc, tscinvbit, bmi1, bmi2

Memory: 4k page, physical 16777216k(747548k free)

/proc/meminfo:


vm_info: Java HotSpot(TM) 64-Bit Server VM (25.91-b14) for bsd-amd64 JRE (1.8.0_91-b14), built on Apr  1 2016 01:03:00 by "java_re" with gcc 4.2.1 (Based on Apple Inc. build 5658) (LLVM build 2336.11.00)

time: Fri Jul 21 21:25:11 2017
elapsed time: 9008 seconds (0d 2h 30m 8s)

